# nnet3-xvector-compute --use-gpu=no --min-chunk-size=25 --chunk-size=10000 --cache-capacity=64 "nnet3-copy --nnet-config=/home/iseesaw/Desktop/Share/CrossDeviceSR/kaldi/ivector-xvector-master/xvector_voxceleb/exp/xvector_nnet_1a/extract.config /home/iseesaw/Desktop/Share/CrossDeviceSR/kaldi/ivector-xvector-master/xvector_voxceleb/exp/xvector_nnet_1a/final.raw - |" "ark:apply-cmvn-sliding --norm-vars=false --center=true --cmn-window=300 scp:/home/iseesaw/Desktop/Share/CrossDeviceSR/kaldi/ivector-xvector-master/xvector_voxceleb/data/enroll/split1/1/feats.scp ark:- | select-voiced-frames ark:- scp,s,cs:/home/iseesaw/Desktop/Share/CrossDeviceSR/kaldi/ivector-xvector-master/xvector_voxceleb/data/enroll/split1/1/vad.scp ark:- |" ark,scp:/home/iseesaw/Desktop/Share/CrossDeviceSR/kaldi/ivector-xvector-master/xvector_voxceleb/data/enroll/feat/xvectors_enroll_mfcc/xvector.1.ark,/home/iseesaw/Desktop/Share/CrossDeviceSR/kaldi/ivector-xvector-master/xvector_voxceleb/data/enroll/feat/xvectors_enroll_mfcc/xvector.1.scp 
# Started at Fri Mar 15 19:25:02 PDT 2019
#
nnet3-xvector-compute --use-gpu=no --min-chunk-size=25 --chunk-size=10000 --cache-capacity=64 'nnet3-copy --nnet-config=/home/iseesaw/Desktop/Share/CrossDeviceSR/kaldi/ivector-xvector-master/xvector_voxceleb/exp/xvector_nnet_1a/extract.config /home/iseesaw/Desktop/Share/CrossDeviceSR/kaldi/ivector-xvector-master/xvector_voxceleb/exp/xvector_nnet_1a/final.raw - |' 'ark:apply-cmvn-sliding --norm-vars=false --center=true --cmn-window=300 scp:/home/iseesaw/Desktop/Share/CrossDeviceSR/kaldi/ivector-xvector-master/xvector_voxceleb/data/enroll/split1/1/feats.scp ark:- | select-voiced-frames ark:- scp,s,cs:/home/iseesaw/Desktop/Share/CrossDeviceSR/kaldi/ivector-xvector-master/xvector_voxceleb/data/enroll/split1/1/vad.scp ark:- |' ark,scp:/home/iseesaw/Desktop/Share/CrossDeviceSR/kaldi/ivector-xvector-master/xvector_voxceleb/data/enroll/feat/xvectors_enroll_mfcc/xvector.1.ark,/home/iseesaw/Desktop/Share/CrossDeviceSR/kaldi/ivector-xvector-master/xvector_voxceleb/data/enroll/feat/xvectors_enroll_mfcc/xvector.1.scp 
nnet3-copy --nnet-config=/home/iseesaw/Desktop/Share/CrossDeviceSR/kaldi/ivector-xvector-master/xvector_voxceleb/exp/xvector_nnet_1a/extract.config /home/iseesaw/Desktop/Share/CrossDeviceSR/kaldi/ivector-xvector-master/xvector_voxceleb/exp/xvector_nnet_1a/final.raw - 
WARNING (nnet3-copy[5.5]:Check():nnet-nnet.cc:789) Node tdnn6.relu is never used to compute any output.
WARNING (nnet3-copy[5.5]:Check():nnet-nnet.cc:789) Node tdnn6.batchnorm is never used to compute any output.
WARNING (nnet3-copy[5.5]:Check():nnet-nnet.cc:789) Node tdnn7.affine is never used to compute any output.
WARNING (nnet3-copy[5.5]:Check():nnet-nnet.cc:789) Node tdnn7.relu is never used to compute any output.
WARNING (nnet3-copy[5.5]:Check():nnet-nnet.cc:789) Node tdnn7.batchnorm is never used to compute any output.
WARNING (nnet3-copy[5.5]:Check():nnet-nnet.cc:789) Node output.affine is never used to compute any output.
WARNING (nnet3-copy[5.5]:Check():nnet-nnet.cc:789) Node output.log-softmax is never used to compute any output.
LOG (nnet3-copy[5.5]:main():nnet3-copy.cc:114) Copied raw neural net from /home/iseesaw/Desktop/Share/CrossDeviceSR/kaldi/ivector-xvector-master/xvector_voxceleb/exp/xvector_nnet_1a/final.raw to -
WARNING (nnet3-xvector-compute[5.5]:Check():nnet-nnet.cc:789) Node tdnn6.relu is never used to compute any output.
WARNING (nnet3-xvector-compute[5.5]:Check():nnet-nnet.cc:789) Node tdnn6.batchnorm is never used to compute any output.
WARNING (nnet3-xvector-compute[5.5]:Check():nnet-nnet.cc:789) Node tdnn7.affine is never used to compute any output.
WARNING (nnet3-xvector-compute[5.5]:Check():nnet-nnet.cc:789) Node tdnn7.relu is never used to compute any output.
WARNING (nnet3-xvector-compute[5.5]:Check():nnet-nnet.cc:789) Node tdnn7.batchnorm is never used to compute any output.
WARNING (nnet3-xvector-compute[5.5]:Check():nnet-nnet.cc:789) Node output.affine is never used to compute any output.
WARNING (nnet3-xvector-compute[5.5]:Check():nnet-nnet.cc:789) Node output.log-softmax is never used to compute any output.
LOG (nnet3-xvector-compute[5.5]:RemoveOrphanNodes():nnet-nnet.cc:948) Removed 11 orphan nodes.
LOG (nnet3-xvector-compute[5.5]:RemoveOrphanComponents():nnet-nnet.cc:847) Removing 17 orphan components.
LOG (nnet3-xvector-compute[5.5]:Collapse():nnet-utils.cc:1378) Added 6 components, removed 17
apply-cmvn-sliding --norm-vars=false --center=true --cmn-window=300 scp:/home/iseesaw/Desktop/Share/CrossDeviceSR/kaldi/ivector-xvector-master/xvector_voxceleb/data/enroll/split1/1/feats.scp ark:- 
select-voiced-frames ark:- scp,s,cs:/home/iseesaw/Desktop/Share/CrossDeviceSR/kaldi/ivector-xvector-master/xvector_voxceleb/data/enroll/split1/1/vad.scp ark:- 
LOG (nnet3-xvector-compute[5.5]:main():nnet3-xvector-compute.cc:169) Chunk size of 10000 is greater than the number of rows in utterance: ID0056-7ccd4f6b361bd1132658c1d7aa983d11, using chunk size  of 346
LOG (nnet3-xvector-compute[5.5]:main():nnet3-xvector-compute.cc:169) Chunk size of 10000 is greater than the number of rows in utterance: ID0056-960458d02160db32a8d94c068fe220af, using chunk size  of 212
LOG (nnet3-xvector-compute[5.5]:main():nnet3-xvector-compute.cc:169) Chunk size of 10000 is greater than the number of rows in utterance: ID0056-9f4f70753a8293ba3614723b015d8a2e, using chunk size  of 404
LOG (nnet3-xvector-compute[5.5]:main():nnet3-xvector-compute.cc:169) Chunk size of 10000 is greater than the number of rows in utterance: ID0064-0094a8960be54d763bd6e14272db2c3e, using chunk size  of 313
LOG (nnet3-xvector-compute[5.5]:main():nnet3-xvector-compute.cc:169) Chunk size of 10000 is greater than the number of rows in utterance: ID0064-5655809740ba07211cf87b666190b361, using chunk size  of 226
LOG (nnet3-xvector-compute[5.5]:main():nnet3-xvector-compute.cc:169) Chunk size of 10000 is greater than the number of rows in utterance: ID0064-8bd6691f470543e405a9dbebb659a0d5, using chunk size  of 142
LOG (nnet3-xvector-compute[5.5]:main():nnet3-xvector-compute.cc:169) Chunk size of 10000 is greater than the number of rows in utterance: ID0094-8f731d025d3effd0a4055553f18a1817, using chunk size  of 238
LOG (nnet3-xvector-compute[5.5]:main():nnet3-xvector-compute.cc:169) Chunk size of 10000 is greater than the number of rows in utterance: ID0094-fb36b14334d852c174e8965df82bb8db, using chunk size  of 425
LOG (nnet3-xvector-compute[5.5]:main():nnet3-xvector-compute.cc:169) Chunk size of 10000 is greater than the number of rows in utterance: ID0094-fc7ccd511996615e8ae68e5252cb5beb, using chunk size  of 324
LOG (nnet3-xvector-compute[5.5]:main():nnet3-xvector-compute.cc:169) Chunk size of 10000 is greater than the number of rows in utterance: ID0099-036b35e4845d388f4b315b1a0f2cd544, using chunk size  of 541
LOG (nnet3-xvector-compute[5.5]:main():nnet3-xvector-compute.cc:169) Chunk size of 10000 is greater than the number of rows in utterance: ID0099-a322378247c4e63dcee1a4f8eb7c39d5, using chunk size  of 230
LOG (nnet3-xvector-compute[5.5]:main():nnet3-xvector-compute.cc:169) Chunk size of 10000 is greater than the number of rows in utterance: ID0099-b7600ba8cf60b79c334f78657fdbe24c, using chunk size  of 335
LOG (nnet3-xvector-compute[5.5]:main():nnet3-xvector-compute.cc:169) Chunk size of 10000 is greater than the number of rows in utterance: ID0126-5ac5e857695e148edd81c92e6247e0bd, using chunk size  of 229
LOG (nnet3-xvector-compute[5.5]:main():nnet3-xvector-compute.cc:169) Chunk size of 10000 is greater than the number of rows in utterance: ID0126-6f12208359185dde4d80a399211eec1d, using chunk size  of 325
LOG (nnet3-xvector-compute[5.5]:main():nnet3-xvector-compute.cc:169) Chunk size of 10000 is greater than the number of rows in utterance: ID0126-dcc72518e5aed91c38b7f8904a452a54, using chunk size  of 371
LOG (nnet3-xvector-compute[5.5]:main():nnet3-xvector-compute.cc:169) Chunk size of 10000 is greater than the number of rows in utterance: ID0138-0fe4c72893866f381d61141e15354064, using chunk size  of 501
LOG (nnet3-xvector-compute[5.5]:main():nnet3-xvector-compute.cc:169) Chunk size of 10000 is greater than the number of rows in utterance: ID0138-1d8cf23e0e886940a562299731003522, using chunk size  of 280
LOG (nnet3-xvector-compute[5.5]:main():nnet3-xvector-compute.cc:169) Chunk size of 10000 is greater than the number of rows in utterance: ID0138-33ec5ff60981709bfdea1dae133bfa3f, using chunk size  of 335
LOG (nnet3-xvector-compute[5.5]:main():nnet3-xvector-compute.cc:169) Chunk size of 10000 is greater than the number of rows in utterance: ID0160-853d8cd45f01b5e8d36e825e6086f900, using chunk size  of 436
LOG (nnet3-xvector-compute[5.5]:main():nnet3-xvector-compute.cc:169) Chunk size of 10000 is greater than the number of rows in utterance: ID0160-b9c5b3fb8d8cf2a308a02f123117b53e, using chunk size  of 389
LOG (nnet3-xvector-compute[5.5]:main():nnet3-xvector-compute.cc:169) Chunk size of 10000 is greater than the number of rows in utterance: ID0160-ff478c95789582898b471bdb935158b9, using chunk size  of 364
LOG (nnet3-xvector-compute[5.5]:main():nnet3-xvector-compute.cc:169) Chunk size of 10000 is greater than the number of rows in utterance: ID0163-72f44cc1bf69f78ab7cc839c7ee44c95, using chunk size  of 434
LOG (nnet3-xvector-compute[5.5]:main():nnet3-xvector-compute.cc:169) Chunk size of 10000 is greater than the number of rows in utterance: ID0163-7e73b50f47e96fbd054a8f716ac661e0, using chunk size  of 274
LOG (nnet3-xvector-compute[5.5]:main():nnet3-xvector-compute.cc:169) Chunk size of 10000 is greater than the number of rows in utterance: ID0163-9c04b874d18f6bf318d262747d5a4d2b, using chunk size  of 330
LOG (nnet3-xvector-compute[5.5]:main():nnet3-xvector-compute.cc:169) Chunk size of 10000 is greater than the number of rows in utterance: ID0216-0576f9db32b2504e77b631dc062fb585, using chunk size  of 375
LOG (nnet3-xvector-compute[5.5]:main():nnet3-xvector-compute.cc:169) Chunk size of 10000 is greater than the number of rows in utterance: ID0216-4c8301ad8f08ead962730fcdb59d2157, using chunk size  of 244
LOG (nnet3-xvector-compute[5.5]:main():nnet3-xvector-compute.cc:169) Chunk size of 10000 is greater than the number of rows in utterance: ID0216-beb265ca3e46134d46015c00cc27cc08, using chunk size  of 201
LOG (nnet3-xvector-compute[5.5]:main():nnet3-xvector-compute.cc:169) Chunk size of 10000 is greater than the number of rows in utterance: ID0270-14f8a959db488c758bd9f102a06db60e, using chunk size  of 644
LOG (nnet3-xvector-compute[5.5]:main():nnet3-xvector-compute.cc:169) Chunk size of 10000 is greater than the number of rows in utterance: ID0270-98852f19380697749970ceb343707c2a, using chunk size  of 773
LOG (nnet3-xvector-compute[5.5]:main():nnet3-xvector-compute.cc:169) Chunk size of 10000 is greater than the number of rows in utterance: ID0270-be1ccd564cc7633a758d7910b41b5a50, using chunk size  of 456
LOG (nnet3-xvector-compute[5.5]:main():nnet3-xvector-compute.cc:169) Chunk size of 10000 is greater than the number of rows in utterance: ID0316-16fdccd8dcded82d0b2ec710ff2befa2, using chunk size  of 320
LOG (nnet3-xvector-compute[5.5]:main():nnet3-xvector-compute.cc:169) Chunk size of 10000 is greater than the number of rows in utterance: ID0316-2a03dbd4c1d0a14f0d737a7babdf0974, using chunk size  of 441
LOG (nnet3-xvector-compute[5.5]:main():nnet3-xvector-compute.cc:169) Chunk size of 10000 is greater than the number of rows in utterance: ID0316-c64a820c11b5d1db5809259ae92fe452, using chunk size  of 184
LOG (nnet3-xvector-compute[5.5]:main():nnet3-xvector-compute.cc:169) Chunk size of 10000 is greater than the number of rows in utterance: ID0319-1e951292018d7e4ea5a75a7dd8a5ab93, using chunk size  of 168
LOG (nnet3-xvector-compute[5.5]:main():nnet3-xvector-compute.cc:169) Chunk size of 10000 is greater than the number of rows in utterance: ID0319-65b7770cd9281afb44b4aa1b9cf2a81b, using chunk size  of 379
LOG (nnet3-xvector-compute[5.5]:main():nnet3-xvector-compute.cc:169) Chunk size of 10000 is greater than the number of rows in utterance: ID0319-fd6ff3f228c7a217231b06adcb64c6c4, using chunk size  of 178
LOG (nnet3-xvector-compute[5.5]:main():nnet3-xvector-compute.cc:169) Chunk size of 10000 is greater than the number of rows in utterance: ID0323-068705081c9e47d7b9c0268e2a2b63b2, using chunk size  of 610
LOG (nnet3-xvector-compute[5.5]:main():nnet3-xvector-compute.cc:169) Chunk size of 10000 is greater than the number of rows in utterance: ID0323-64dff9d90a7d98676fe8d4110f248a71, using chunk size  of 399
LOG (nnet3-xvector-compute[5.5]:main():nnet3-xvector-compute.cc:169) Chunk size of 10000 is greater than the number of rows in utterance: ID0323-879edeb87e58122a22c1a11b340e94ef, using chunk size  of 304
LOG (nnet3-xvector-compute[5.5]:main():nnet3-xvector-compute.cc:169) Chunk size of 10000 is greater than the number of rows in utterance: ID0328-700ff4dc4e6d6d80ef6535e3104e4ebd, using chunk size  of 283
LOG (nnet3-xvector-compute[5.5]:main():nnet3-xvector-compute.cc:169) Chunk size of 10000 is greater than the number of rows in utterance: ID0328-b4a59d48c235543415f1c2fbc0f1c4aa, using chunk size  of 404
LOG (nnet3-xvector-compute[5.5]:main():nnet3-xvector-compute.cc:169) Chunk size of 10000 is greater than the number of rows in utterance: ID0328-e26c03673bd93bca80ad2e5bc61bfe7c, using chunk size  of 231
LOG (nnet3-xvector-compute[5.5]:main():nnet3-xvector-compute.cc:169) Chunk size of 10000 is greater than the number of rows in utterance: ID0338-23dfffa5e95ef519b7b0a0093b2c539c, using chunk size  of 309
LOG (nnet3-xvector-compute[5.5]:main():nnet3-xvector-compute.cc:169) Chunk size of 10000 is greater than the number of rows in utterance: ID0338-9c07abe044292b61837cab8b2980a7c7, using chunk size  of 262
LOG (nnet3-xvector-compute[5.5]:main():nnet3-xvector-compute.cc:169) Chunk size of 10000 is greater than the number of rows in utterance: ID0338-d5d1532cbfece36cbee0702786e6e7bd, using chunk size  of 442
LOG (nnet3-xvector-compute[5.5]:main():nnet3-xvector-compute.cc:169) Chunk size of 10000 is greater than the number of rows in utterance: ID0362-d643bcd179ab48d7f1f72bb3724621d3, using chunk size  of 250
LOG (nnet3-xvector-compute[5.5]:main():nnet3-xvector-compute.cc:169) Chunk size of 10000 is greater than the number of rows in utterance: ID0362-d99325e95069fffda291c96d400da3de, using chunk size  of 546
LOG (nnet3-xvector-compute[5.5]:main():nnet3-xvector-compute.cc:169) Chunk size of 10000 is greater than the number of rows in utterance: ID0362-f7895c4946a521f04b5c9fa17e776d6d, using chunk size  of 685
LOG (nnet3-xvector-compute[5.5]:main():nnet3-xvector-compute.cc:169) Chunk size of 10000 is greater than the number of rows in utterance: ID0363-084ec6c97c4be8501408c4bedc111906, using chunk size  of 298
LOG (nnet3-xvector-compute[5.5]:main():nnet3-xvector-compute.cc:169) Chunk size of 10000 is greater than the number of rows in utterance: ID0363-111638752006a1353e201781112fe417, using chunk size  of 492
LOG (nnet3-xvector-compute[5.5]:main():nnet3-xvector-compute.cc:169) Chunk size of 10000 is greater than the number of rows in utterance: ID0363-d38ed9cf88b2812f0e85508140b67661, using chunk size  of 376
LOG (nnet3-xvector-compute[5.5]:main():nnet3-xvector-compute.cc:169) Chunk size of 10000 is greater than the number of rows in utterance: ID0385-787c3bd1c830055af35d031bae8d0497, using chunk size  of 470
LOG (nnet3-xvector-compute[5.5]:main():nnet3-xvector-compute.cc:169) Chunk size of 10000 is greater than the number of rows in utterance: ID0385-eb2daf9530c132bc861ab23c24e324d9, using chunk size  of 262
LOG (nnet3-xvector-compute[5.5]:main():nnet3-xvector-compute.cc:169) Chunk size of 10000 is greater than the number of rows in utterance: ID0385-ff54ef52c535621b38da52d0534e06e1, using chunk size  of 424
LOG (nnet3-xvector-compute[5.5]:main():nnet3-xvector-compute.cc:169) Chunk size of 10000 is greater than the number of rows in utterance: ID0409-759fc518fa952273942db6abc59455de, using chunk size  of 379
LOG (nnet3-xvector-compute[5.5]:main():nnet3-xvector-compute.cc:169) Chunk size of 10000 is greater than the number of rows in utterance: ID0409-8d41c70edd1403ede4abd801e903d557, using chunk size  of 390
LOG (nnet3-xvector-compute[5.5]:main():nnet3-xvector-compute.cc:169) Chunk size of 10000 is greater than the number of rows in utterance: ID0409-e42ac3615ae3d9a4b3afa9c8a902531a, using chunk size  of 168
LOG (nnet3-xvector-compute[5.5]:main():nnet3-xvector-compute.cc:169) Chunk size of 10000 is greater than the number of rows in utterance: ID0432-79214d22d3254f40621444acd9c30067, using chunk size  of 130
LOG (nnet3-xvector-compute[5.5]:main():nnet3-xvector-compute.cc:169) Chunk size of 10000 is greater than the number of rows in utterance: ID0432-8522e5116b32759d588ab94a7a792d83, using chunk size  of 196
LOG (nnet3-xvector-compute[5.5]:main():nnet3-xvector-compute.cc:169) Chunk size of 10000 is greater than the number of rows in utterance: ID0432-e1099f9b0da109fc36947753f2eb73a9, using chunk size  of 313
LOG (nnet3-xvector-compute[5.5]:main():nnet3-xvector-compute.cc:169) Chunk size of 10000 is greater than the number of rows in utterance: ID0498-3008f12fc690fae7aaed4878cde279b2, using chunk size  of 499
LOG (nnet3-xvector-compute[5.5]:main():nnet3-xvector-compute.cc:169) Chunk size of 10000 is greater than the number of rows in utterance: ID0498-5ef35f03c3eb3485e446ed0cdb9ee9f1, using chunk size  of 450
LOG (nnet3-xvector-compute[5.5]:main():nnet3-xvector-compute.cc:169) Chunk size of 10000 is greater than the number of rows in utterance: ID0498-7fd3dd1a9d212749ea6d8cbc0515c915, using chunk size  of 473
LOG (nnet3-xvector-compute[5.5]:main():nnet3-xvector-compute.cc:169) Chunk size of 10000 is greater than the number of rows in utterance: ID1283-817f8ea6d70a0de80d1d2588886b21dc, using chunk size  of 201
LOG (nnet3-xvector-compute[5.5]:main():nnet3-xvector-compute.cc:169) Chunk size of 10000 is greater than the number of rows in utterance: ID1283-abb05066894205b63df1bb2427df4479, using chunk size  of 165
LOG (nnet3-xvector-compute[5.5]:main():nnet3-xvector-compute.cc:169) Chunk size of 10000 is greater than the number of rows in utterance: ID1283-ff4e1be2d80128bb1e42ec1a3a0e743f, using chunk size  of 435
LOG (nnet3-xvector-compute[5.5]:main():nnet3-xvector-compute.cc:169) Chunk size of 10000 is greater than the number of rows in utterance: ID1284-382b214ed249b238262399226bd97d0c, using chunk size  of 369
LOG (nnet3-xvector-compute[5.5]:main():nnet3-xvector-compute.cc:169) Chunk size of 10000 is greater than the number of rows in utterance: ID1284-625e904b7b33a56cb824100022050c97, using chunk size  of 232
LOG (nnet3-xvector-compute[5.5]:main():nnet3-xvector-compute.cc:169) Chunk size of 10000 is greater than the number of rows in utterance: ID1284-689f9b6f6c31deeb9311139ba8616a18, using chunk size  of 303
LOG (nnet3-xvector-compute[5.5]:main():nnet3-xvector-compute.cc:169) Chunk size of 10000 is greater than the number of rows in utterance: ID1299-196053e1510e68bc359835f62a43b536, using chunk size  of 590
LOG (nnet3-xvector-compute[5.5]:main():nnet3-xvector-compute.cc:169) Chunk size of 10000 is greater than the number of rows in utterance: ID1299-871540732273c0c746bb8649f9fc248b, using chunk size  of 403
LOG (nnet3-xvector-compute[5.5]:main():nnet3-xvector-compute.cc:169) Chunk size of 10000 is greater than the number of rows in utterance: ID1299-b2f25a7da1ede51cdab705986e2c6156, using chunk size  of 262
LOG (nnet3-xvector-compute[5.5]:main():nnet3-xvector-compute.cc:169) Chunk size of 10000 is greater than the number of rows in utterance: ID1415-02610dae809d29adf279e5a7b8c66b59, using chunk size  of 273
LOG (nnet3-xvector-compute[5.5]:main():nnet3-xvector-compute.cc:169) Chunk size of 10000 is greater than the number of rows in utterance: ID1415-1f925d63303c4cfee6bba6622758ef98, using chunk size  of 132
LOG (nnet3-xvector-compute[5.5]:main():nnet3-xvector-compute.cc:169) Chunk size of 10000 is greater than the number of rows in utterance: ID1415-9892a29cabc709a898bf82c67718fc1f, using chunk size  of 182
LOG (nnet3-xvector-compute[5.5]:main():nnet3-xvector-compute.cc:169) Chunk size of 10000 is greater than the number of rows in utterance: ID1420-5e7057a8bccb5f4538d29df8f35eb241, using chunk size  of 249
LOG (nnet3-xvector-compute[5.5]:main():nnet3-xvector-compute.cc:169) Chunk size of 10000 is greater than the number of rows in utterance: ID1420-7853e512e69e7af80a78b269a8e84671, using chunk size  of 157
LOG (nnet3-xvector-compute[5.5]:main():nnet3-xvector-compute.cc:169) Chunk size of 10000 is greater than the number of rows in utterance: ID1420-ba8c50aed7db1b4da026c6deb787e016, using chunk size  of 292
LOG (nnet3-xvector-compute[5.5]:main():nnet3-xvector-compute.cc:169) Chunk size of 10000 is greater than the number of rows in utterance: ID1463-668a86a9912e0bd1e470be23d98c8343, using chunk size  of 220
LOG (nnet3-xvector-compute[5.5]:main():nnet3-xvector-compute.cc:169) Chunk size of 10000 is greater than the number of rows in utterance: ID1463-b5ccaf9b9290ac2ef85a352d2c9c2313, using chunk size  of 297
LOG (nnet3-xvector-compute[5.5]:main():nnet3-xvector-compute.cc:169) Chunk size of 10000 is greater than the number of rows in utterance: ID1463-db1cc5ba1dcc91ae68a8bdbefb6a54d1, using chunk size  of 297
LOG (nnet3-xvector-compute[5.5]:main():nnet3-xvector-compute.cc:169) Chunk size of 10000 is greater than the number of rows in utterance: ID1465-67b0185ab69024d21f96ae23b92dfd22, using chunk size  of 516
LOG (nnet3-xvector-compute[5.5]:main():nnet3-xvector-compute.cc:169) Chunk size of 10000 is greater than the number of rows in utterance: ID1465-7ba36ec3c56c4a068e388e207dc210de, using chunk size  of 529
LOG (nnet3-xvector-compute[5.5]:main():nnet3-xvector-compute.cc:169) Chunk size of 10000 is greater than the number of rows in utterance: ID1465-b3e061b4e829e87f8a92b0c6050fd7bc, using chunk size  of 407
LOG (nnet3-xvector-compute[5.5]:main():nnet3-xvector-compute.cc:169) Chunk size of 10000 is greater than the number of rows in utterance: ID1492-4bc837ee80922beb821ef8465454e727, using chunk size  of 310
LOG (nnet3-xvector-compute[5.5]:main():nnet3-xvector-compute.cc:169) Chunk size of 10000 is greater than the number of rows in utterance: ID1492-60f565a2b86deb4b38216ab64c1256e5, using chunk size  of 379
LOG (apply-cmvn-sliding[5.5]:main():apply-cmvn-sliding.cc:75) Applied sliding-window cepstral mean normalization to 90 utterances, 0 had errors.
LOG (nnet3-xvector-compute[5.5]:main():nnet3-xvector-compute.cc:169) Chunk size of 10000 is greater than the number of rows in utterance: ID1492-e193d200d5dd6f7381e785a1a59f97aa, using chunk size  of 338
LOG (nnet3-xvector-compute[5.5]:main():nnet3-xvector-compute.cc:169) Chunk size of 10000 is greater than the number of rows in utterance: ID1503-34450fbc5af58e1487591ee0d91f40b3, using chunk size  of 542
LOG (select-voiced-frames[5.5]:main():select-voiced-frames.cc:106) Done selecting voiced frames; processed 90 utterances, 0 had errors.
LOG (nnet3-xvector-compute[5.5]:main():nnet3-xvector-compute.cc:169) Chunk size of 10000 is greater than the number of rows in utterance: ID1503-5eb9002e5f33c5176dccb9fcbfa001f9, using chunk size  of 189
LOG (nnet3-xvector-compute[5.5]:main():nnet3-xvector-compute.cc:169) Chunk size of 10000 is greater than the number of rows in utterance: ID1503-6c6ed1592d3406dfffe9bb2076d3a734, using chunk size  of 176
LOG (nnet3-xvector-compute[5.5]:main():nnet3-xvector-compute.cc:225) Time taken 30.7497s: real-time factor assuming 100 frames/sec is 0.0996523
LOG (nnet3-xvector-compute[5.5]:main():nnet3-xvector-compute.cc:228) Done 90 utterances, failed for 0
LOG (nnet3-xvector-compute[5.5]:~CachingOptimizingCompiler():nnet-optimize.cc:710) 20.6 seconds taken in nnet3 compilation total (breakdown: 20.4 compilation, 0.0571 optimization, 0 shortcut expansion, 0.0129 checking, 2.07e-05 computing indexes, 0.0989 misc.) + 0 I/O.
# Accounting: time=30 threads=1
# Ended (code 0) at Fri Mar 15 19:25:32 PDT 2019, elapsed time 30 seconds
